[debug] [2023-02-21T19:15:33.456Z] ----------------------------------------------------------------------
[debug] [2023-02-21T19:15:33.458Z] Command:       C:\Program Files\nodejs\node.exe C:\Users\BLACKQUEEN\AppData\Roaming\npm\node_modules\firebase-tools\lib\bin\firebase.js init
[debug] [2023-02-21T19:15:33.458Z] CLI Version:   11.23.1
[debug] [2023-02-21T19:15:33.459Z] Platform:      win32
[debug] [2023-02-21T19:15:33.459Z] Node Version:  v18.13.0
[debug] [2023-02-21T19:15:33.460Z] Time:          Tue Feb 21 2023 16:15:33 GMT-0300 (hora estándar de Argentina)
[debug] [2023-02-21T19:15:33.460Z] ----------------------------------------------------------------------
[debug] 
[debug] [2023-02-21T19:15:33.548Z] > command requires scopes: ["email","openid","https://www.googleapis.com/auth/cloudplatformprojects.readonly","https://www.googleapis.com/auth/firebase","https://www.googleapis.com/auth/cloud-platform"]
[debug] [2023-02-21T19:15:33.548Z] > authorizing via signed-in user (juanpetarcich@gmail.com)
[info] 
     ######## #### ########  ######## ########     ###     ######  ########
     ##        ##  ##     ## ##       ##     ##  ##   ##  ##       ##
     ######    ##  ########  ######   ########  #########  ######  ######
     ##        ##  ##    ##  ##       ##     ## ##     ##       ## ##
     ##       #### ##     ## ######## ########  ##     ##  ######  ########

You're about to initialize a Firebase project in this directory:

  D:\Onedrive\01 PROYECTOS\ArgPrograma\Proyecto_final\porfolio-FrontEnd

Before we get started, keep in mind:

  * You are initializing within an existing Firebase project directory

[info] 
=== Project Setup
[info] 
[info] First, let's associate this project directory with a Firebase project.
[info] You can create multiple project aliases by running firebase use --add, 
[info] but for now we'll just set up a default project.
[info] 
[debug] [2023-02-21T19:15:38.685Z] Using project from CLI flag: frontend-argprog-f2b88
[debug] [2023-02-21T19:15:38.687Z] > refreshing access token with scopes: []
[debug] [2023-02-21T19:15:38.690Z] >>> [apiv2][query] POST https://www.googleapis.com/oauth2/v3/token [none]
[debug] [2023-02-21T19:15:38.690Z] >>> [apiv2][body] POST https://www.googleapis.com/oauth2/v3/token [omitted]
[debug] [2023-02-21T19:15:39.023Z] <<< [apiv2][status] POST https://www.googleapis.com/oauth2/v3/token 200
[debug] [2023-02-21T19:15:39.023Z] <<< [apiv2][body] POST https://www.googleapis.com/oauth2/v3/token [omitted]
[debug] [2023-02-21T19:15:39.038Z] >>> [apiv2][query] GET https://firebase.googleapis.com/v1beta1/projects/frontend-argprog-f2b88 [none]
[debug] [2023-02-21T19:15:39.560Z] <<< [apiv2][status] GET https://firebase.googleapis.com/v1beta1/projects/frontend-argprog-f2b88 200
[debug] [2023-02-21T19:15:39.560Z] <<< [apiv2][body] GET https://firebase.googleapis.com/v1beta1/projects/frontend-argprog-f2b88 {"projectId":"frontend-argprog-f2b88","projectNumber":"433907984514","displayName":"FrontEnd-ArgProg","name":"projects/frontend-argprog-f2b88","resources":{"hostingSite":"frontend-argprog-f2b88"},"state":"ACTIVE","etag":"1_7d172898-8dfb-4e3b-8861-2a5ab0bed5ad"}
[info] i  Using project frontend-argprog-f2b88 (FrontEnd-ArgProg) 
[info] 
=== Hosting Setup
[info] 
[info] Your public directory is the folder (relative to your project directory) that
[info] will contain Hosting assets to be uploaded with firebase deploy. If you
[info] have a build process for your assets, use your build's output directory.
[info] 
[debug] [2023-02-21T19:16:17.832Z] >>> [apiv2][query] GET https://www.gstatic.com/firebasejs/releases.json [none]
[debug] [2023-02-21T19:16:18.240Z] <<< [apiv2][status] GET https://www.gstatic.com/firebasejs/releases.json 200
[debug] [2023-02-21T19:16:18.240Z] <<< [apiv2][body] GET https://www.gstatic.com/firebasejs/releases.json {"current":{"version":"9.17.1","browserURL":"https://www.gstatic.com/firebasejs/9.17.1/firebase.js","packageURL":"https://www.gstatic.com/firebasejs/9.17.1/firebase.tgz"},"live":{"version":"9.17","browserURL":"https://www.gstatic.com/firebasejs/live/9.17/firebase.js","packageURL":"https://www.gstatic.com/firebasejs/live/9.17/firebase.tgz"},"components":{"analytics":"https://www.gstatic.com/firebasejs/9.17.1/firebase-analytics.js","app":"https://www.gstatic.com/firebasejs/9.17.1/firebase-app.js","app-check":"https://www.gstatic.com/firebasejs/9.17.1/firebase-app-check.js","auth":"https://www.gstatic.com/firebasejs/9.17.1/firebase-auth.js","auth/cordova":"https://www.gstatic.com/firebasejs/9.17.1/firebase-auth/cordova.js","auth/react-native":"https://www.gstatic.com/firebasejs/9.17.1/firebase-auth/react-native.js","functions":"https://www.gstatic.com/firebasejs/9.17.1/firebase-functions.js","firestore":"https://www.gstatic.com/firebasejs/9.17.1/firebase-firestore.js","firestore/lite":"https://www.gstatic.com/firebasejs/9.17.1/firebase-firestore/lite.js","installations":"https://www.gstatic.com/firebasejs/9.17.1/firebase-installations.js","storage":"https://www.gstatic.com/firebasejs/9.17.1/firebase-storage.js","performance":"https://www.gstatic.com/firebasejs/9.17.1/firebase-performance.js","remote-config":"https://www.gstatic.com/firebasejs/9.17.1/firebase-remote-config.js","messaging":"https://www.gstatic.com/firebasejs/9.17.1/firebase-messaging.js","messaging/sw":"https://www.gstatic.com/firebasejs/9.17.1/firebase-messaging/sw.js","database":"https://www.gstatic.com/firebasejs/9.17.1/firebase-database.js","firestore.memory":"https://www.gstatic.com/firebasejs/9.17.1/firebase-firestore.memory.js"}}
[info] +  Wrote dist/porfolio-int/index.html 
[info] 
[info] i  Detected a .git folder at D:\Onedrive\01 PROYECTOS\ArgPrograma\Proyecto_final\porfolio-FrontEnd 
[info] i  Authorizing with GitHub to upload your service account to a GitHub repository's secrets store. 
[info] 
[info] Visit this URL on this device to log in:
[info] https://github.com/login/oauth/authorize?client_id=89cf50f02ac6aaed3484&state=910271701&redirect_uri=http%3A%2F%2Flocalhost%3A9005&scope=read%3Auser%20repo%20public_repo
[info] 
[info] Waiting for authentication...
[debug] [2023-02-21T19:17:04.294Z] >>> [apiv2][query] POST https://github.com/login/oauth/access_token [none]
[debug] [2023-02-21T19:17:04.295Z] >>> [apiv2][body] POST https://github.com/login/oauth/access_token [stream]
[debug] [2023-02-21T19:17:06.108Z] <<< [apiv2][status] POST https://github.com/login/oauth/access_token 200
[debug] [2023-02-21T19:17:06.108Z] <<< [apiv2][body] POST https://github.com/login/oauth/access_token {"access_token":"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","token_type":"bearer","scope":"read:user,repo"}
[debug] [2023-02-21T19:17:06.116Z] >>> [apiv2][query] GET https://api.github.com/user [none]
[debug] [2023-02-21T19:17:08.649Z] <<< [apiv2][status] GET https://api.github.com/user 200
[debug] [2023-02-21T19:17:08.649Z] <<< [apiv2][body] GET https://api.github.com/user {"login":"Grincode","id":107729844,"node_id":"U_kgDOBmvTtA","avatar_url":"https://avatars.githubusercontent.com/u/107729844?v=4","gravatar_id":"","url":"https://api.github.com/users/Grincode","html_url":"https://github.com/Grincode","followers_url":"https://api.github.com/users/Grincode/followers","following_url":"https://api.github.com/users/Grincode/following{/other_user}","gists_url":"https://api.github.com/users/Grincode/gists{/gist_id}","starred_url":"https://api.github.com/users/Grincode/starred{/owner}{/repo}","subscriptions_url":"https://api.github.com/users/Grincode/subscriptions","organizations_url":"https://api.github.com/users/Grincode/orgs","repos_url":"https://api.github.com/users/Grincode/repos","events_url":"https://api.github.com/users/Grincode/events{/privacy}","received_events_url":"https://api.github.com/users/Grincode/received_events","type":"User","site_admin":false,"name":"Grincode","company":null,"blog":"","location":"Argentina","email":null,"hireable":null,"bio":null,"twitter_username":"juanpetarcich","public_repos":4,"public_gists":0,"followers":0,"following":3,"created_at":"2022-06-17T23:10:27Z","updated_at":"2023-02-13T21:35:23Z","private_gists":1,"total_private_repos":1,"owned_private_repos":1,"disk_usage":59936,"collaborators":0,"two_factor_authentication":true,"plan":{"name":"free","space":976562499,"collaborators":0,"private_repos":10000}}
[info] 
[info] +  Success! Logged into GitHub as Grincode 
[info] 
